{"/home/viegas/Trybe/trybe-excercises/mod10/dia_2/exercicio1.js": {"path":"/home/viegas/Trybe/trybe-excercises/mod10/dia_2/exercicio1.js","statementMap":{"0":{"start":{"line":1,"column":18},"end":{"line":3,"column":1}},"1":{"start":{"line":2,"column":2},"end":{"line":2,"column":30}},"2":{"start":{"line":5,"column":14},"end":{"line":8,"column":3}},"3":{"start":{"line":10,"column":21},"end":{"line":18,"column":1}},"4":{"start":{"line":11,"column":2},"end":{"line":17,"column":5}},"5":{"start":{"line":12,"column":6},"end":{"line":14,"column":7}},"6":{"start":{"line":13,"column":8},"end":{"line":13,"column":34}},"7":{"start":{"line":16,"column":6},"end":{"line":16,"column":66}},"8":{"start":{"line":20,"column":20},"end":{"line":22,"column":1}},"9":{"start":{"line":21,"column":2},"end":{"line":21,"column":54}},"10":{"start":{"line":21,"column":43},"end":{"line":21,"column":52}},"11":{"start":{"line":24,"column":14},"end":{"line":24,"column":35}},"12":{"start":{"line":26,"column":17},"end":{"line":32,"column":1}},"13":{"start":{"line":27,"column":2},"end":{"line":31,"column":7}},"14":{"start":{"line":28,"column":22},"end":{"line":28,"column":37}},"15":{"start":{"line":30,"column":6},"end":{"line":30,"column":43}},"16":{"start":{"line":30,"column":32},"end":{"line":30,"column":41}},"17":{"start":{"line":34,"column":16},"end":{"line":38,"column":1}},"18":{"start":{"line":40,"column":25},"end":{"line":49,"column":1}},"19":{"start":{"line":41,"column":2},"end":{"line":48,"column":4}},"20":{"start":{"line":42,"column":19},"end":{"line":42,"column":65}},"21":{"start":{"line":42,"column":44},"end":{"line":42,"column":64}},"22":{"start":{"line":43,"column":4},"end":{"line":45,"column":5}},"23":{"start":{"line":44,"column":6},"end":{"line":44,"column":29}},"24":{"start":{"line":46,"column":25},"end":{"line":46,"column":55}},"25":{"start":{"line":47,"column":4},"end":{"line":47,"column":32}},"26":{"start":{"line":51,"column":18},"end":{"line":54,"column":1}},"27":{"start":{"line":52,"column":2},"end":{"line":53,"column":28}},"28":{"start":{"line":53,"column":20},"end":{"line":53,"column":26}},"29":{"start":{"line":58,"column":0},"end":{"line":63,"column":2}}},"fnMap":{"0":{"name":"(anonymous_0)","decl":{"start":{"line":1,"column":18},"end":{"line":1,"column":19}},"loc":{"start":{"line":1,"column":37},"end":{"line":3,"column":1}},"line":1},"1":{"name":"(anonymous_1)","decl":{"start":{"line":10,"column":21},"end":{"line":10,"column":22}},"loc":{"start":{"line":10,"column":29},"end":{"line":18,"column":1}},"line":10},"2":{"name":"(anonymous_2)","decl":{"start":{"line":11,"column":21},"end":{"line":11,"column":22}},"loc":{"start":{"line":11,"column":42},"end":{"line":17,"column":3}},"line":11},"3":{"name":"(anonymous_3)","decl":{"start":{"line":20,"column":20},"end":{"line":20,"column":21}},"loc":{"start":{"line":20,"column":32},"end":{"line":22,"column":1}},"line":20},"4":{"name":"(anonymous_4)","decl":{"start":{"line":21,"column":35},"end":{"line":21,"column":36}},"loc":{"start":{"line":21,"column":43},"end":{"line":21,"column":52}},"line":21},"5":{"name":"(anonymous_5)","decl":{"start":{"line":26,"column":17},"end":{"line":26,"column":18}},"loc":{"start":{"line":26,"column":26},"end":{"line":32,"column":1}},"line":26},"6":{"name":"(anonymous_6)","decl":{"start":{"line":28,"column":10},"end":{"line":28,"column":11}},"loc":{"start":{"line":28,"column":22},"end":{"line":28,"column":37}},"line":28},"7":{"name":"(anonymous_7)","decl":{"start":{"line":29,"column":10},"end":{"line":29,"column":11}},"loc":{"start":{"line":29,"column":20},"end":{"line":31,"column":5}},"line":29},"8":{"name":"(anonymous_8)","decl":{"start":{"line":30,"column":22},"end":{"line":30,"column":23}},"loc":{"start":{"line":30,"column":32},"end":{"line":30,"column":41}},"line":30},"9":{"name":"(anonymous_9)","decl":{"start":{"line":40,"column":25},"end":{"line":40,"column":26}},"loc":{"start":{"line":41,"column":2},"end":{"line":48,"column":4}},"line":41},"10":{"name":"(anonymous_10)","decl":{"start":{"line":41,"column":14},"end":{"line":41,"column":15}},"loc":{"start":{"line":41,"column":35},"end":{"line":48,"column":3}},"line":41},"11":{"name":"(anonymous_11)","decl":{"start":{"line":42,"column":32},"end":{"line":42,"column":33}},"loc":{"start":{"line":42,"column":44},"end":{"line":42,"column":64}},"line":42},"12":{"name":"(anonymous_12)","decl":{"start":{"line":51,"column":18},"end":{"line":51,"column":19}},"loc":{"start":{"line":51,"column":28},"end":{"line":54,"column":1}},"line":51},"13":{"name":"(anonymous_13)","decl":{"start":{"line":53,"column":10},"end":{"line":53,"column":11}},"loc":{"start":{"line":53,"column":20},"end":{"line":53,"column":26}},"line":53}},"branchMap":{"0":{"loc":{"start":{"line":12,"column":6},"end":{"line":14,"column":7}},"type":"if","locations":[{"start":{"line":12,"column":6},"end":{"line":14,"column":7}},{"start":{"line":12,"column":6},"end":{"line":14,"column":7}}],"line":12},"1":{"loc":{"start":{"line":43,"column":4},"end":{"line":45,"column":5}},"type":"if","locations":[{"start":{"line":43,"column":4},"end":{"line":45,"column":5}},{"start":{"line":43,"column":4},"end":{"line":45,"column":5}}],"line":43}},"s":{"0":1,"1":1,"2":1,"3":1,"4":4,"5":4,"6":2,"7":2,"8":1,"9":4,"10":2,"11":1,"12":1,"13":1,"14":1,"15":1,"16":30,"17":1,"18":1,"19":2,"20":2,"21":4,"22":2,"23":1,"24":1,"25":1,"26":1,"27":2,"28":1,"29":1},"f":{"0":1,"1":4,"2":4,"3":4,"4":2,"5":1,"6":1,"7":1,"8":30,"9":2,"10":2,"11":4,"12":2,"13":1},"b":{"0":[2,2],"1":[1,1]},"_coverageSchema":"1a1c01bbd47fc00a2c39e90264f33305004495a9","hash":"774340f8ffb4e63d05a9a6a8a0c36f6c53813972"}
}
