TN:
SF:exercicio1.js
FN:1,(anonymous_0)
FN:10,(anonymous_1)
FN:11,(anonymous_2)
FN:20,(anonymous_3)
FN:21,(anonymous_4)
FN:26,(anonymous_5)
FN:28,(anonymous_6)
FN:29,(anonymous_7)
FN:30,(anonymous_8)
FN:40,(anonymous_9)
FN:41,(anonymous_10)
FN:42,(anonymous_11)
FN:51,(anonymous_12)
FN:53,(anonymous_13)
FNF:14
FNH:14
FNDA:1,(anonymous_0)
FNDA:4,(anonymous_1)
FNDA:4,(anonymous_2)
FNDA:4,(anonymous_3)
FNDA:2,(anonymous_4)
FNDA:1,(anonymous_5)
FNDA:1,(anonymous_6)
FNDA:1,(anonymous_7)
FNDA:30,(anonymous_8)
FNDA:2,(anonymous_9)
FNDA:2,(anonymous_10)
FNDA:4,(anonymous_11)
FNDA:2,(anonymous_12)
FNDA:1,(anonymous_13)
DA:1,1
DA:2,1
DA:5,1
DA:10,1
DA:11,4
DA:12,4
DA:13,2
DA:16,2
DA:20,1
DA:21,4
DA:24,1
DA:26,1
DA:27,1
DA:28,1
DA:30,30
DA:34,1
DA:40,1
DA:41,2
DA:42,4
DA:43,2
DA:44,1
DA:46,1
DA:47,1
DA:51,1
DA:52,2
DA:53,1
DA:58,1
LF:27
LH:27
BRDA:12,0,0,2
BRDA:12,0,1,2
BRDA:43,1,0,1
BRDA:43,1,1,1
BRF:4
BRH:4
end_of_record
